mode: set
github.com/v8platform/ras-grpc-gw/pkg/interceptor/audit.go:27.71,33.25 1 1
github.com/v8platform/ras-grpc-gw/pkg/interceptor/audit.go:33.25,38.46 3 1
github.com/v8platform/ras-grpc-gw/pkg/interceptor/audit.go:38.46,40.4 1 0
github.com/v8platform/ras-grpc-gw/pkg/interceptor/audit.go:43.3,51.19 4 1
github.com/v8platform/ras-grpc-gw/pkg/interceptor/audit.go:56.78,62.10 1 0
github.com/v8platform/ras-grpc-gw/pkg/interceptor/audit.go:62.10,82.3 5 0
github.com/v8platform/ras-grpc-gw/pkg/interceptor/audit.go:93.60,97.84 3 0
github.com/v8platform/ras-grpc-gw/pkg/interceptor/audit.go:97.84,101.72 2 0
github.com/v8platform/ras-grpc-gw/pkg/interceptor/audit.go:101.72,103.4 1 0
github.com/v8platform/ras-grpc-gw/pkg/interceptor/audit.go:106.3,106.73 1 0
github.com/v8platform/ras-grpc-gw/pkg/interceptor/audit.go:106.73,108.4 1 0
github.com/v8platform/ras-grpc-gw/pkg/interceptor/audit.go:111.3,111.74 1 0
github.com/v8platform/ras-grpc-gw/pkg/interceptor/audit.go:111.74,113.4 1 0
github.com/v8platform/ras-grpc-gw/pkg/interceptor/audit.go:115.3,115.14 1 0
github.com/v8platform/ras-grpc-gw/pkg/interceptor/audit.go:118.2,118.17 1 0
github.com/v8platform/ras-grpc-gw/pkg/interceptor/audit.go:122.118,131.30 2 1
github.com/v8platform/ras-grpc-gw/pkg/interceptor/audit.go:131.30,133.3 1 0
github.com/v8platform/ras-grpc-gw/pkg/interceptor/audit.go:134.2,134.31 1 1
github.com/v8platform/ras-grpc-gw/pkg/interceptor/audit.go:134.31,136.3 1 0
github.com/v8platform/ras-grpc-gw/pkg/interceptor/audit.go:137.2,137.32 1 1
github.com/v8platform/ras-grpc-gw/pkg/interceptor/audit.go:137.32,139.3 1 0
github.com/v8platform/ras-grpc-gw/pkg/interceptor/audit.go:142.2,142.16 1 1
github.com/v8platform/ras-grpc-gw/pkg/interceptor/audit.go:142.16,146.42 2 0
github.com/v8platform/ras-grpc-gw/pkg/interceptor/audit.go:146.42,148.4 1 0
github.com/v8platform/ras-grpc-gw/pkg/interceptor/audit.go:152.2,152.16 1 1
github.com/v8platform/ras-grpc-gw/pkg/interceptor/audit.go:152.16,154.3 1 0
github.com/v8platform/ras-grpc-gw/pkg/interceptor/audit.go:154.8,154.46 1 1
github.com/v8platform/ras-grpc-gw/pkg/interceptor/audit.go:154.46,156.3 1 0
github.com/v8platform/ras-grpc-gw/pkg/interceptor/audit.go:156.8,158.3 1 1
github.com/v8platform/ras-grpc-gw/pkg/interceptor/audit.go:162.37,163.16 1 1
github.com/v8platform/ras-grpc-gw/pkg/interceptor/audit.go:163.16,165.42 1 1
github.com/v8platform/ras-grpc-gw/pkg/interceptor/audit.go:165.42,167.24 2 1
github.com/v8platform/ras-grpc-gw/pkg/interceptor/audit.go:167.24,169.5 1 0
github.com/v8platform/ras-grpc-gw/pkg/interceptor/audit.go:170.4,170.18 1 1
github.com/v8platform/ras-grpc-gw/pkg/interceptor/audit.go:172.3,172.17 1 1
github.com/v8platform/ras-grpc-gw/pkg/interceptor/audit.go:174.2,174.18 1 1
github.com/v8platform/ras-grpc-gw/pkg/interceptor/sanitize.go:24.83,30.25 1 1
github.com/v8platform/ras-grpc-gw/pkg/interceptor/sanitize.go:30.25,32.46 1 1
github.com/v8platform/ras-grpc-gw/pkg/interceptor/sanitize.go:32.46,38.4 2 1
github.com/v8platform/ras-grpc-gw/pkg/interceptor/sanitize.go:38.9,44.4 1 1
github.com/v8platform/ras-grpc-gw/pkg/interceptor/sanitize.go:47.3,47.27 1 1
github.com/v8platform/ras-grpc-gw/pkg/interceptor/sanitize.go:52.90,58.10 1 1
github.com/v8platform/ras-grpc-gw/pkg/interceptor/sanitize.go:58.10,67.3 2 1
github.com/v8platform/ras-grpc-gw/pkg/interceptor/sanitize.go:72.55,78.84 3 1
github.com/v8platform/ras-grpc-gw/pkg/interceptor/sanitize.go:78.84,82.51 2 1
github.com/v8platform/ras-grpc-gw/pkg/interceptor/sanitize.go:82.51,84.44 1 1
github.com/v8platform/ras-grpc-gw/pkg/interceptor/sanitize.go:84.44,86.27 2 1
github.com/v8platform/ras-grpc-gw/pkg/interceptor/sanitize.go:86.27,88.6 1 1
github.com/v8platform/ras-grpc-gw/pkg/interceptor/sanitize.go:93.3,93.14 1 1
github.com/v8platform/ras-grpc-gw/pkg/interceptor/sanitize.go:96.2,96.14 1 1
github.com/v8platform/ras-grpc-gw/pkg/interceptor/sanitize.go:101.48,102.13 1 1
github.com/v8platform/ras-grpc-gw/pkg/interceptor/sanitize.go:102.13,104.3 1 1
github.com/v8platform/ras-grpc-gw/pkg/interceptor/sanitize.go:105.2,105.21 1 1
