mode: set
github.com/v8platform/ras-grpc-gw/pkg/logger/logger.go:11.29,14.11 2 1
github.com/v8platform/ras-grpc-gw/pkg/logger/logger.go:14.11,17.3 2 1
github.com/v8platform/ras-grpc-gw/pkg/logger/logger.go:17.8,19.3 1 1
github.com/v8platform/ras-grpc-gw/pkg/logger/logger.go:21.2,23.16 3 1
github.com/v8platform/ras-grpc-gw/pkg/logger/logger.go:23.16,25.3 1 0
github.com/v8platform/ras-grpc-gw/pkg/logger/logger.go:27.2,27.12 1 1
github.com/v8platform/ras-grpc-gw/pkg/logger/logger.go:31.13,32.16 1 1
github.com/v8platform/ras-grpc-gw/pkg/logger/logger.go:32.16,34.3 1 1
github.com/v8platform/ras-grpc-gw/pkg/health/health.go:25.60,43.2 5 1
github.com/v8platform/ras-grpc-gw/pkg/health/health.go:46.32,49.2 2 1
github.com/v8platform/ras-grpc-gw/pkg/health/health.go:52.54,55.2 2 1
github.com/v8platform/ras-grpc-gw/pkg/health/health.go:58.72,69.2 4 1
github.com/v8platform/ras-grpc-gw/pkg/health/health.go:72.71,77.22 3 1
github.com/v8platform/ras-grpc-gw/pkg/health/health.go:77.22,78.46 1 1
github.com/v8platform/ras-grpc-gw/pkg/health/health.go:78.46,90.4 6 1
github.com/v8platform/ras-grpc-gw/pkg/health/health.go:94.2,100.37 4 1
github.com/v8platform/ras-grpc-gw/pkg/server/access_service.go:17.65,18.23 1 0
github.com/v8platform/ras-grpc-gw/pkg/server/access_service.go:21.77,22.23 1 0
github.com/v8platform/ras-grpc-gw/pkg/server/access_service.go:25.37,27.2 1 1
github.com/v8platform/ras-grpc-gw/pkg/server/server.go:23.46,27.2 1 1
github.com/v8platform/ras-grpc-gw/pkg/server/server.go:49.46,52.16 2 0
github.com/v8platform/ras-grpc-gw/pkg/server/server.go:52.16,54.3 1 0
github.com/v8platform/ras-grpc-gw/pkg/server/server.go:56.2,72.53 11 0
github.com/v8platform/ras-grpc-gw/pkg/server/server.go:72.53,74.3 1 0
github.com/v8platform/ras-grpc-gw/pkg/server/server.go:76.2,76.12 1 0
github.com/v8platform/ras-grpc-gw/pkg/server/server.go:80.61,81.25 1 1
github.com/v8platform/ras-grpc-gw/pkg/server/server.go:81.25,85.13 2 1
github.com/v8platform/ras-grpc-gw/pkg/server/server.go:85.13,88.4 2 1
github.com/v8platform/ras-grpc-gw/pkg/server/server.go:91.3,91.10 1 1
github.com/v8platform/ras-grpc-gw/pkg/server/server.go:92.18,94.14 2 0
github.com/v8platform/ras-grpc-gw/pkg/server/server.go:95.21,99.20 3 1
github.com/v8platform/ras-grpc-gw/pkg/server/server.go:102.2,102.12 1 1
github.com/v8platform/ras-grpc-gw/pkg/server/server.go:106.54,114.9 1 1
github.com/v8platform/ras-grpc-gw/pkg/server/server.go:115.20,116.19 1 1
github.com/v8platform/ras-grpc-gw/pkg/server/server.go:117.10,119.22 1 1
github.com/v8platform/ras-grpc-gw/pkg/server/server.go:119.22,121.4 1 1
github.com/v8platform/ras-grpc-gw/pkg/server/server.go:122.3,122.13 1 1
github.com/v8platform/ras-grpc-gw/pkg/server/server.go:126.77,130.2 1 1
github.com/v8platform/ras-grpc-gw/pkg/server/server.go:137.147,139.16 2 0
github.com/v8platform/ras-grpc-gw/pkg/server/server.go:139.16,141.3 1 0
github.com/v8platform/ras-grpc-gw/pkg/server/server.go:142.2,144.47 2 0
github.com/v8platform/ras-grpc-gw/pkg/server/server.go:148.125,152.16 3 0
github.com/v8platform/ras-grpc-gw/pkg/server/server.go:152.16,154.3 1 0
github.com/v8platform/ras-grpc-gw/pkg/server/server.go:156.2,156.15 1 0
github.com/v8platform/ras-grpc-gw/pkg/server/server.go:156.15,157.17 1 0
github.com/v8platform/ras-grpc-gw/pkg/server/server.go:157.17,164.4 2 0
github.com/v8platform/ras-grpc-gw/pkg/server/server.go:167.2,167.21 1 0
github.com/v8platform/ras-grpc-gw/pkg/server/server.go:170.149,175.78 3 0
github.com/v8platform/ras-grpc-gw/pkg/server/server.go:175.78,178.17 3 0
github.com/v8platform/ras-grpc-gw/pkg/server/server.go:178.17,180.4 1 0
github.com/v8platform/ras-grpc-gw/pkg/server/server.go:181.3,181.13 1 0
github.com/v8platform/ras-grpc-gw/pkg/server/server.go:185.2,185.18 1 0
github.com/v8platform/ras-grpc-gw/pkg/server/server.go:188.143,190.16 2 0
github.com/v8platform/ras-grpc-gw/pkg/server/server.go:190.16,192.3 1 0
github.com/v8platform/ras-grpc-gw/pkg/server/server.go:193.2,195.45 2 0
github.com/v8platform/ras-grpc-gw/pkg/server/server.go:198.148,200.16 2 0
github.com/v8platform/ras-grpc-gw/pkg/server/server.go:200.16,202.3 1 0
github.com/v8platform/ras-grpc-gw/pkg/server/server.go:203.2,204.42 2 0
github.com/v8platform/ras-grpc-gw/pkg/server/server.go:207.157,209.16 2 0
github.com/v8platform/ras-grpc-gw/pkg/server/server.go:209.16,211.3 1 0
github.com/v8platform/ras-grpc-gw/pkg/server/server.go:212.2,213.45 2 0
github.com/v8platform/ras-grpc-gw/pkg/server/server.go:216.148,218.16 2 0
github.com/v8platform/ras-grpc-gw/pkg/server/server.go:218.16,220.3 1 0
github.com/v8platform/ras-grpc-gw/pkg/server/server.go:222.2,223.42 2 0
github.com/v8platform/ras-grpc-gw/pkg/server/server.go:226.166,228.16 2 0
github.com/v8platform/ras-grpc-gw/pkg/server/server.go:228.16,230.3 1 0
github.com/v8platform/ras-grpc-gw/pkg/server/server.go:231.2,232.48 2 0
github.com/v8platform/ras-grpc-gw/pkg/server/server.go:235.172,237.16 2 0
github.com/v8platform/ras-grpc-gw/pkg/server/server.go:237.16,239.3 1 0
github.com/v8platform/ras-grpc-gw/pkg/server/server.go:240.2,241.42 2 0
