mode: set
github.com/v8platform/ras-grpc-gw/pkg/server/access_service.go:17.65,18.23 1 0
github.com/v8platform/ras-grpc-gw/pkg/server/access_service.go:21.77,22.23 1 0
github.com/v8platform/ras-grpc-gw/pkg/server/access_service.go:25.37,27.2 1 1
github.com/v8platform/ras-grpc-gw/pkg/server/infobase_management_service.go:31.78,36.2 1 1
github.com/v8platform/ras-grpc-gw/pkg/server/infobase_management_service.go:46.45,55.16 4 1
github.com/v8platform/ras-grpc-gw/pkg/server/infobase_management_service.go:55.16,57.3 1 1
github.com/v8platform/ras-grpc-gw/pkg/server/infobase_management_service.go:61.2,61.44 1 1
github.com/v8platform/ras-grpc-gw/pkg/server/infobase_management_service.go:61.44,62.27 1 1
github.com/v8platform/ras-grpc-gw/pkg/server/infobase_management_service.go:62.27,64.4 1 1
github.com/v8platform/ras-grpc-gw/pkg/server/infobase_management_service.go:67.2,67.76 1 1
github.com/v8platform/ras-grpc-gw/pkg/server/infobase_management_service.go:72.78,73.40 1 1
github.com/v8platform/ras-grpc-gw/pkg/server/infobase_management_service.go:73.40,75.3 1 1
github.com/v8platform/ras-grpc-gw/pkg/server/infobase_management_service.go:76.2,76.12 1 1
github.com/v8platform/ras-grpc-gw/pkg/server/infobase_management_service.go:80.80,81.41 1 1
github.com/v8platform/ras-grpc-gw/pkg/server/infobase_management_service.go:81.41,83.3 1 1
github.com/v8platform/ras-grpc-gw/pkg/server/infobase_management_service.go:84.2,84.12 1 1
github.com/v8platform/ras-grpc-gw/pkg/server/infobase_management_service.go:103.68,104.35 1 1
github.com/v8platform/ras-grpc-gw/pkg/server/infobase_management_service.go:104.35,106.3 1 1
github.com/v8platform/ras-grpc-gw/pkg/server/infobase_management_service.go:109.2,109.20 1 1
github.com/v8platform/ras-grpc-gw/pkg/server/infobase_management_service.go:109.20,111.3 1 1
github.com/v8platform/ras-grpc-gw/pkg/server/infobase_management_service.go:116.2,117.14 2 1
github.com/v8platform/ras-grpc-gw/pkg/server/infobase_management_service.go:117.14,119.3 1 1
github.com/v8platform/ras-grpc-gw/pkg/server/infobase_management_service.go:121.2,121.12 1 1
github.com/v8platform/ras-grpc-gw/pkg/server/infobase_management_service.go:125.73,126.47 1 1
github.com/v8platform/ras-grpc-gw/pkg/server/infobase_management_service.go:126.47,128.3 1 1
github.com/v8platform/ras-grpc-gw/pkg/server/infobase_management_service.go:129.2,129.12 1 1
github.com/v8platform/ras-grpc-gw/pkg/server/infobase_management_service.go:134.106,135.40 1 1
github.com/v8platform/ras-grpc-gw/pkg/server/infobase_management_service.go:135.40,138.3 1 1
github.com/v8platform/ras-grpc-gw/pkg/server/infobase_management_service.go:140.2,140.40 1 1
github.com/v8platform/ras-grpc-gw/pkg/server/infobase_management_service.go:140.40,142.3 1 1
github.com/v8platform/ras-grpc-gw/pkg/server/infobase_management_service.go:144.2,149.23 4 1
github.com/v8platform/ras-grpc-gw/pkg/server/infobase_management_service.go:149.23,151.3 1 1
github.com/v8platform/ras-grpc-gw/pkg/server/infobase_management_service.go:154.2,154.21 1 1
github.com/v8platform/ras-grpc-gw/pkg/server/infobase_management_service.go:154.21,156.3 1 1
github.com/v8platform/ras-grpc-gw/pkg/server/infobase_management_service.go:159.2,160.28 2 1
github.com/v8platform/ras-grpc-gw/pkg/server/infobase_management_service.go:160.28,165.3 1 0
github.com/v8platform/ras-grpc-gw/pkg/server/infobase_management_service.go:167.2,167.12 1 1
github.com/v8platform/ras-grpc-gw/pkg/server/infobase_management_service.go:172.65,173.16 1 1
github.com/v8platform/ras-grpc-gw/pkg/server/infobase_management_service.go:173.16,175.3 1 1
github.com/v8platform/ras-grpc-gw/pkg/server/infobase_management_service.go:177.2,180.89 2 1
github.com/v8platform/ras-grpc-gw/pkg/server/infobase_management_service.go:180.89,182.3 1 1
github.com/v8platform/ras-grpc-gw/pkg/server/infobase_management_service.go:185.2,187.46 1 1
github.com/v8platform/ras-grpc-gw/pkg/server/infobase_management_service.go:187.46,189.3 1 1
github.com/v8platform/ras-grpc-gw/pkg/server/infobase_management_service.go:192.2,193.43 1 1
github.com/v8platform/ras-grpc-gw/pkg/server/infobase_management_service.go:193.43,195.3 1 1
github.com/v8platform/ras-grpc-gw/pkg/server/infobase_management_service.go:198.2,200.43 1 1
github.com/v8platform/ras-grpc-gw/pkg/server/infobase_management_service.go:200.43,202.3 1 1
github.com/v8platform/ras-grpc-gw/pkg/server/infobase_management_service.go:205.2,207.46 1 1
github.com/v8platform/ras-grpc-gw/pkg/server/infobase_management_service.go:207.46,209.3 1 1
github.com/v8platform/ras-grpc-gw/pkg/server/infobase_management_service.go:212.2,215.51 1 1
github.com/v8platform/ras-grpc-gw/pkg/server/infobase_management_service.go:215.51,217.3 1 1
github.com/v8platform/ras-grpc-gw/pkg/server/infobase_management_service.go:220.2,222.48 1 1
github.com/v8platform/ras-grpc-gw/pkg/server/infobase_management_service.go:222.48,224.3 1 1
github.com/v8platform/ras-grpc-gw/pkg/server/infobase_management_service.go:227.2,229.38 1 1
github.com/v8platform/ras-grpc-gw/pkg/server/infobase_management_service.go:229.38,231.3 1 1
github.com/v8platform/ras-grpc-gw/pkg/server/infobase_management_service.go:233.2,233.72 1 1
github.com/v8platform/ras-grpc-gw/pkg/server/infobase_management_service.go:237.47,238.20 1 1
github.com/v8platform/ras-grpc-gw/pkg/server/infobase_management_service.go:238.20,240.3 1 1
github.com/v8platform/ras-grpc-gw/pkg/server/infobase_management_service.go:241.2,241.21 1 1
github.com/v8platform/ras-grpc-gw/pkg/server/infobase_management_service.go:251.39,253.59 1 1
github.com/v8platform/ras-grpc-gw/pkg/server/infobase_management_service.go:253.59,255.3 1 1
github.com/v8platform/ras-grpc-gw/pkg/server/infobase_management_service.go:256.2,256.61 1 1
github.com/v8platform/ras-grpc-gw/pkg/server/infobase_management_service.go:256.61,258.3 1 1
github.com/v8platform/ras-grpc-gw/pkg/server/infobase_management_service.go:261.2,271.9 2 1
github.com/v8platform/ras-grpc-gw/pkg/server/infobase_management_service.go:272.20,273.82 1 1
github.com/v8platform/ras-grpc-gw/pkg/server/infobase_management_service.go:274.10,274.10 0 1
github.com/v8platform/ras-grpc-gw/pkg/server/infobase_management_service.go:279.2,280.16 2 1
github.com/v8platform/ras-grpc-gw/pkg/server/infobase_management_service.go:280.16,287.3 2 1
github.com/v8platform/ras-grpc-gw/pkg/server/infobase_management_service.go:291.2,297.29 2 1
github.com/v8platform/ras-grpc-gw/pkg/server/infobase_management_service.go:297.29,299.3 1 1
github.com/v8platform/ras-grpc-gw/pkg/server/infobase_management_service.go:300.2,300.34 1 1
github.com/v8platform/ras-grpc-gw/pkg/server/infobase_management_service.go:300.34,302.3 1 1
github.com/v8platform/ras-grpc-gw/pkg/server/infobase_management_service.go:303.2,303.30 1 1
github.com/v8platform/ras-grpc-gw/pkg/server/infobase_management_service.go:303.30,305.3 1 1
github.com/v8platform/ras-grpc-gw/pkg/server/infobase_management_service.go:306.2,306.27 1 1
github.com/v8platform/ras-grpc-gw/pkg/server/infobase_management_service.go:306.27,308.3 1 0
github.com/v8platform/ras-grpc-gw/pkg/server/infobase_management_service.go:309.2,309.25 1 1
github.com/v8platform/ras-grpc-gw/pkg/server/infobase_management_service.go:309.25,311.3 1 0
github.com/v8platform/ras-grpc-gw/pkg/server/infobase_management_service.go:312.2,312.31 1 1
github.com/v8platform/ras-grpc-gw/pkg/server/infobase_management_service.go:312.31,314.3 1 1
github.com/v8platform/ras-grpc-gw/pkg/server/infobase_management_service.go:315.2,315.21 1 1
github.com/v8platform/ras-grpc-gw/pkg/server/infobase_management_service.go:315.21,317.3 1 1
github.com/v8platform/ras-grpc-gw/pkg/server/infobase_management_service.go:318.2,318.25 1 1
github.com/v8platform/ras-grpc-gw/pkg/server/infobase_management_service.go:318.25,320.3 1 1
github.com/v8platform/ras-grpc-gw/pkg/server/infobase_management_service.go:321.2,321.23 1 1
github.com/v8platform/ras-grpc-gw/pkg/server/infobase_management_service.go:321.23,323.3 1 1
github.com/v8platform/ras-grpc-gw/pkg/server/infobase_management_service.go:324.2,324.23 1 1
github.com/v8platform/ras-grpc-gw/pkg/server/infobase_management_service.go:324.23,326.3 1 1
github.com/v8platform/ras-grpc-gw/pkg/server/infobase_management_service.go:327.2,327.27 1 1
github.com/v8platform/ras-grpc-gw/pkg/server/infobase_management_service.go:327.27,329.3 1 1
github.com/v8platform/ras-grpc-gw/pkg/server/infobase_management_service.go:330.2,330.28 1 1
github.com/v8platform/ras-grpc-gw/pkg/server/infobase_management_service.go:330.28,332.3 1 1
github.com/v8platform/ras-grpc-gw/pkg/server/infobase_management_service.go:333.2,333.30 1 1
github.com/v8platform/ras-grpc-gw/pkg/server/infobase_management_service.go:333.30,335.3 1 1
github.com/v8platform/ras-grpc-gw/pkg/server/infobase_management_service.go:338.2,339.16 2 1
github.com/v8platform/ras-grpc-gw/pkg/server/infobase_management_service.go:339.16,341.3 1 0
github.com/v8platform/ras-grpc-gw/pkg/server/infobase_management_service.go:343.2,344.16 2 1
github.com/v8platform/ras-grpc-gw/pkg/server/infobase_management_service.go:344.16,346.3 1 0
github.com/v8platform/ras-grpc-gw/pkg/server/infobase_management_service.go:348.2,354.9 2 1
github.com/v8platform/ras-grpc-gw/pkg/server/infobase_management_service.go:355.20,356.101 1 0
github.com/v8platform/ras-grpc-gw/pkg/server/infobase_management_service.go:357.10,357.10 0 1
github.com/v8platform/ras-grpc-gw/pkg/server/infobase_management_service.go:362.2,363.16 2 1
github.com/v8platform/ras-grpc-gw/pkg/server/infobase_management_service.go:363.16,370.3 2 1
github.com/v8platform/ras-grpc-gw/pkg/server/infobase_management_service.go:373.2,374.99 2 1
github.com/v8platform/ras-grpc-gw/pkg/server/infobase_management_service.go:374.99,376.3 1 0
github.com/v8platform/ras-grpc-gw/pkg/server/infobase_management_service.go:379.2,390.8 2 1
github.com/v8platform/ras-grpc-gw/pkg/server/infobase_management_service.go:397.39,399.59 1 1
github.com/v8platform/ras-grpc-gw/pkg/server/infobase_management_service.go:399.59,401.3 1 1
github.com/v8platform/ras-grpc-gw/pkg/server/infobase_management_service.go:402.2,402.49 1 1
github.com/v8platform/ras-grpc-gw/pkg/server/infobase_management_service.go:402.49,404.3 1 1
github.com/v8platform/ras-grpc-gw/pkg/server/infobase_management_service.go:405.2,405.49 1 1
github.com/v8platform/ras-grpc-gw/pkg/server/infobase_management_service.go:405.49,407.3 1 1
github.com/v8platform/ras-grpc-gw/pkg/server/infobase_management_service.go:411.2,411.51 1 1
github.com/v8platform/ras-grpc-gw/pkg/server/infobase_management_service.go:411.51,412.44 1 1
github.com/v8platform/ras-grpc-gw/pkg/server/infobase_management_service.go:412.44,414.4 1 1
github.com/v8platform/ras-grpc-gw/pkg/server/infobase_management_service.go:415.3,415.42 1 1
github.com/v8platform/ras-grpc-gw/pkg/server/infobase_management_service.go:415.42,417.4 1 1
github.com/v8platform/ras-grpc-gw/pkg/server/infobase_management_service.go:421.2,433.9 2 1
github.com/v8platform/ras-grpc-gw/pkg/server/infobase_management_service.go:434.20,435.82 1 1
github.com/v8platform/ras-grpc-gw/pkg/server/infobase_management_service.go:436.10,436.10 0 1
github.com/v8platform/ras-grpc-gw/pkg/server/infobase_management_service.go:441.2,442.16 2 1
github.com/v8platform/ras-grpc-gw/pkg/server/infobase_management_service.go:442.16,448.3 2 1
github.com/v8platform/ras-grpc-gw/pkg/server/infobase_management_service.go:451.2,452.54 2 1
github.com/v8platform/ras-grpc-gw/pkg/server/infobase_management_service.go:452.54,460.3 2 0
github.com/v8platform/ras-grpc-gw/pkg/server/infobase_management_service.go:463.2,463.29 1 1
github.com/v8platform/ras-grpc-gw/pkg/server/infobase_management_service.go:463.29,479.3 2 1
github.com/v8platform/ras-grpc-gw/pkg/server/infobase_management_service.go:484.2,502.16 3 1
github.com/v8platform/ras-grpc-gw/pkg/server/infobase_management_service.go:502.16,508.3 2 0
github.com/v8platform/ras-grpc-gw/pkg/server/infobase_management_service.go:511.2,512.16 2 1
github.com/v8platform/ras-grpc-gw/pkg/server/infobase_management_service.go:512.16,514.3 1 0
github.com/v8platform/ras-grpc-gw/pkg/server/infobase_management_service.go:517.2,523.9 2 1
github.com/v8platform/ras-grpc-gw/pkg/server/infobase_management_service.go:524.20,525.101 1 0
github.com/v8platform/ras-grpc-gw/pkg/server/infobase_management_service.go:526.10,526.10 0 1
github.com/v8platform/ras-grpc-gw/pkg/server/infobase_management_service.go:531.2,532.16 2 1
github.com/v8platform/ras-grpc-gw/pkg/server/infobase_management_service.go:532.16,539.3 2 1
github.com/v8platform/ras-grpc-gw/pkg/server/infobase_management_service.go:542.2,543.99 2 1
github.com/v8platform/ras-grpc-gw/pkg/server/infobase_management_service.go:543.99,549.3 2 0
github.com/v8platform/ras-grpc-gw/pkg/server/infobase_management_service.go:552.2,562.8 2 1
github.com/v8platform/ras-grpc-gw/pkg/server/infobase_management_service.go:573.37,575.59 1 1
github.com/v8platform/ras-grpc-gw/pkg/server/infobase_management_service.go:575.59,577.3 1 1
github.com/v8platform/ras-grpc-gw/pkg/server/infobase_management_service.go:578.2,578.61 1 1
github.com/v8platform/ras-grpc-gw/pkg/server/infobase_management_service.go:578.61,580.3 1 1
github.com/v8platform/ras-grpc-gw/pkg/server/infobase_management_service.go:583.2,583.55 1 1
github.com/v8platform/ras-grpc-gw/pkg/server/infobase_management_service.go:583.55,585.3 1 1
github.com/v8platform/ras-grpc-gw/pkg/server/infobase_management_service.go:589.2,589.59 1 1
github.com/v8platform/ras-grpc-gw/pkg/server/infobase_management_service.go:589.59,603.3 2 1
github.com/v8platform/ras-grpc-gw/pkg/server/infobase_management_service.go:606.2,616.9 2 1
github.com/v8platform/ras-grpc-gw/pkg/server/infobase_management_service.go:617.20,626.82 2 1
github.com/v8platform/ras-grpc-gw/pkg/server/infobase_management_service.go:627.10,627.10 0 1
github.com/v8platform/ras-grpc-gw/pkg/server/infobase_management_service.go:632.2,633.16 2 1
github.com/v8platform/ras-grpc-gw/pkg/server/infobase_management_service.go:633.16,640.3 2 1
github.com/v8platform/ras-grpc-gw/pkg/server/infobase_management_service.go:645.2,654.16 3 1
github.com/v8platform/ras-grpc-gw/pkg/server/infobase_management_service.go:654.16,656.3 1 0
github.com/v8platform/ras-grpc-gw/pkg/server/infobase_management_service.go:659.2,660.16 2 1
github.com/v8platform/ras-grpc-gw/pkg/server/infobase_management_service.go:660.16,662.3 1 0
github.com/v8platform/ras-grpc-gw/pkg/server/infobase_management_service.go:664.2,670.9 2 1
github.com/v8platform/ras-grpc-gw/pkg/server/infobase_management_service.go:671.20,680.101 2 0
github.com/v8platform/ras-grpc-gw/pkg/server/infobase_management_service.go:681.10,681.10 0 1
github.com/v8platform/ras-grpc-gw/pkg/server/infobase_management_service.go:686.2,689.20 2 1
github.com/v8platform/ras-grpc-gw/pkg/server/infobase_management_service.go:689.20,699.3 2 1
github.com/v8platform/ras-grpc-gw/pkg/server/infobase_management_service.go:702.2,715.8 2 1
github.com/v8platform/ras-grpc-gw/pkg/server/infobase_management_service.go:726.37,728.59 1 1
github.com/v8platform/ras-grpc-gw/pkg/server/infobase_management_service.go:728.59,730.3 1 1
github.com/v8platform/ras-grpc-gw/pkg/server/infobase_management_service.go:731.2,731.61 1 1
github.com/v8platform/ras-grpc-gw/pkg/server/infobase_management_service.go:731.61,733.3 1 1
github.com/v8platform/ras-grpc-gw/pkg/server/infobase_management_service.go:736.2,736.77 1 1
github.com/v8platform/ras-grpc-gw/pkg/server/infobase_management_service.go:736.77,738.3 1 0
github.com/v8platform/ras-grpc-gw/pkg/server/infobase_management_service.go:740.2,749.9 2 1
github.com/v8platform/ras-grpc-gw/pkg/server/infobase_management_service.go:750.20,751.82 1 1
github.com/v8platform/ras-grpc-gw/pkg/server/infobase_management_service.go:752.10,752.10 0 1
github.com/v8platform/ras-grpc-gw/pkg/server/infobase_management_service.go:757.2,765.22 2 1
github.com/v8platform/ras-grpc-gw/pkg/server/infobase_management_service.go:765.22,772.32 5 1
github.com/v8platform/ras-grpc-gw/pkg/server/infobase_management_service.go:772.32,774.4 1 0
github.com/v8platform/ras-grpc-gw/pkg/server/infobase_management_service.go:777.2,777.27 1 1
github.com/v8platform/ras-grpc-gw/pkg/server/infobase_management_service.go:777.27,779.3 1 0
github.com/v8platform/ras-grpc-gw/pkg/server/infobase_management_service.go:782.2,783.16 2 1
github.com/v8platform/ras-grpc-gw/pkg/server/infobase_management_service.go:783.16,785.3 1 0
github.com/v8platform/ras-grpc-gw/pkg/server/infobase_management_service.go:788.2,792.8 1 1
github.com/v8platform/ras-grpc-gw/pkg/server/infobase_management_service.go:800.39,802.59 1 1
github.com/v8platform/ras-grpc-gw/pkg/server/infobase_management_service.go:802.59,804.3 1 1
github.com/v8platform/ras-grpc-gw/pkg/server/infobase_management_service.go:805.2,805.61 1 1
github.com/v8platform/ras-grpc-gw/pkg/server/infobase_management_service.go:805.61,807.3 1 1
github.com/v8platform/ras-grpc-gw/pkg/server/infobase_management_service.go:809.2,817.9 2 1
github.com/v8platform/ras-grpc-gw/pkg/server/infobase_management_service.go:818.20,819.82 1 1
github.com/v8platform/ras-grpc-gw/pkg/server/infobase_management_service.go:820.10,820.10 0 1
github.com/v8platform/ras-grpc-gw/pkg/server/infobase_management_service.go:825.2,833.24 2 1
github.com/v8platform/ras-grpc-gw/pkg/server/infobase_management_service.go:833.24,839.3 4 1
github.com/v8platform/ras-grpc-gw/pkg/server/infobase_management_service.go:841.2,841.29 1 1
github.com/v8platform/ras-grpc-gw/pkg/server/infobase_management_service.go:841.29,844.3 2 1
github.com/v8platform/ras-grpc-gw/pkg/server/infobase_management_service.go:847.2,848.16 2 1
github.com/v8platform/ras-grpc-gw/pkg/server/infobase_management_service.go:848.16,850.3 1 0
github.com/v8platform/ras-grpc-gw/pkg/server/infobase_management_service.go:853.2,857.8 1 1
github.com/v8platform/ras-grpc-gw/pkg/server/infobase_management_service.go:863.51,864.14 1 1
github.com/v8platform/ras-grpc-gw/pkg/server/infobase_management_service.go:865.42,866.23 1 1
github.com/v8platform/ras-grpc-gw/pkg/server/infobase_management_service.go:867.40,868.22 1 1
github.com/v8platform/ras-grpc-gw/pkg/server/infobase_management_service.go:869.37,870.18 1 1
github.com/v8platform/ras-grpc-gw/pkg/server/infobase_management_service.go:871.36,872.26 1 1
github.com/v8platform/ras-grpc-gw/pkg/server/infobase_management_service.go:873.10,874.12 1 1
github.com/v8platform/ras-grpc-gw/pkg/server/infobase_management_service.go:879.58,880.15 1 1
github.com/v8platform/ras-grpc-gw/pkg/server/infobase_management_service.go:881.41,882.11 1 1
github.com/v8platform/ras-grpc-gw/pkg/server/infobase_management_service.go:883.41,884.11 1 1
github.com/v8platform/ras-grpc-gw/pkg/server/infobase_management_service.go:885.41,886.11 1 1
github.com/v8platform/ras-grpc-gw/pkg/server/infobase_management_service.go:887.41,888.11 1 1
github.com/v8platform/ras-grpc-gw/pkg/server/infobase_management_service.go:889.10,890.11 1 1
github.com/v8platform/ras-grpc-gw/pkg/server/infobase_management_service.go:896.52,897.11 1 1
github.com/v8platform/ras-grpc-gw/pkg/server/infobase_management_service.go:897.11,899.3 1 1
github.com/v8platform/ras-grpc-gw/pkg/server/infobase_management_service.go:900.2,900.10 1 1
github.com/v8platform/ras-grpc-gw/pkg/server/ras_client.go:25.45,29.2 1 1
github.com/v8platform/ras-grpc-gw/pkg/server/ras_client.go:32.100,34.2 1 0
github.com/v8platform/ras-grpc-gw/pkg/server/ras_client_mock.go:15.96,16.30 1 1
github.com/v8platform/ras-grpc-gw/pkg/server/ras_client_mock.go:16.30,18.3 1 1
github.com/v8platform/ras-grpc-gw/pkg/server/ras_client_mock.go:19.2,19.17 1 0
github.com/v8platform/ras-grpc-gw/pkg/server/ras_client_mock.go:27.104,28.26 1 1
github.com/v8platform/ras-grpc-gw/pkg/server/ras_client_mock.go:28.26,30.3 1 1
github.com/v8platform/ras-grpc-gw/pkg/server/ras_client_mock.go:31.2,31.17 1 0
github.com/v8platform/ras-grpc-gw/pkg/server/server.go:29.46,33.2 1 1
github.com/v8platform/ras-grpc-gw/pkg/server/server.go:55.46,58.16 2 0
github.com/v8platform/ras-grpc-gw/pkg/server/server.go:58.16,60.3 1 0
github.com/v8platform/ras-grpc-gw/pkg/server/server.go:62.2,66.16 3 0
github.com/v8platform/ras-grpc-gw/pkg/server/server.go:66.16,68.3 1 0
github.com/v8platform/ras-grpc-gw/pkg/server/server.go:71.2,80.22 3 0
github.com/v8platform/ras-grpc-gw/pkg/server/server.go:80.22,84.3 3 0
github.com/v8platform/ras-grpc-gw/pkg/server/server.go:84.8,86.3 1 0
github.com/v8platform/ras-grpc-gw/pkg/server/server.go:89.2,107.53 13 0
github.com/v8platform/ras-grpc-gw/pkg/server/server.go:107.53,109.3 1 0
github.com/v8platform/ras-grpc-gw/pkg/server/server.go:111.2,111.12 1 0
github.com/v8platform/ras-grpc-gw/pkg/server/server.go:115.61,116.25 1 1
github.com/v8platform/ras-grpc-gw/pkg/server/server.go:116.25,120.13 2 1
github.com/v8platform/ras-grpc-gw/pkg/server/server.go:120.13,123.4 2 1
github.com/v8platform/ras-grpc-gw/pkg/server/server.go:126.3,126.10 1 1
github.com/v8platform/ras-grpc-gw/pkg/server/server.go:127.18,129.14 2 0
github.com/v8platform/ras-grpc-gw/pkg/server/server.go:130.21,134.20 3 1
github.com/v8platform/ras-grpc-gw/pkg/server/server.go:137.2,137.12 1 1
github.com/v8platform/ras-grpc-gw/pkg/server/server.go:141.54,149.9 1 1
github.com/v8platform/ras-grpc-gw/pkg/server/server.go:150.20,151.19 1 1
github.com/v8platform/ras-grpc-gw/pkg/server/server.go:152.10,154.22 1 1
github.com/v8platform/ras-grpc-gw/pkg/server/server.go:154.22,156.4 1 1
github.com/v8platform/ras-grpc-gw/pkg/server/server.go:157.3,157.13 1 1
github.com/v8platform/ras-grpc-gw/pkg/server/server.go:161.77,165.2 1 1
github.com/v8platform/ras-grpc-gw/pkg/server/server.go:172.147,177.78 3 0
github.com/v8platform/ras-grpc-gw/pkg/server/server.go:177.78,180.17 3 0
github.com/v8platform/ras-grpc-gw/pkg/server/server.go:180.17,182.4 1 0
github.com/v8platform/ras-grpc-gw/pkg/server/server.go:183.3,183.13 1 0
github.com/v8platform/ras-grpc-gw/pkg/server/server.go:187.2,187.18 1 0
github.com/v8platform/ras-grpc-gw/pkg/server/server.go:190.125,194.16 3 0
github.com/v8platform/ras-grpc-gw/pkg/server/server.go:194.16,196.3 1 0
github.com/v8platform/ras-grpc-gw/pkg/server/server.go:198.2,198.15 1 0
github.com/v8platform/ras-grpc-gw/pkg/server/server.go:198.15,199.17 1 0
github.com/v8platform/ras-grpc-gw/pkg/server/server.go:199.17,204.66 2 0
github.com/v8platform/ras-grpc-gw/pkg/server/server.go:204.66,207.5 2 0
github.com/v8platform/ras-grpc-gw/pkg/server/server.go:207.10,209.5 1 0
github.com/v8platform/ras-grpc-gw/pkg/server/server.go:211.4,211.24 1 0
github.com/v8platform/ras-grpc-gw/pkg/server/server.go:211.24,216.5 2 0
github.com/v8platform/ras-grpc-gw/pkg/server/server.go:220.2,220.21 1 0
github.com/v8platform/ras-grpc-gw/pkg/server/server.go:223.149,228.78 3 0
github.com/v8platform/ras-grpc-gw/pkg/server/server.go:228.78,231.17 3 0
github.com/v8platform/ras-grpc-gw/pkg/server/server.go:231.17,233.4 1 0
github.com/v8platform/ras-grpc-gw/pkg/server/server.go:234.3,234.13 1 0
github.com/v8platform/ras-grpc-gw/pkg/server/server.go:238.2,238.18 1 0
github.com/v8platform/ras-grpc-gw/pkg/server/server.go:241.143,243.16 2 0
github.com/v8platform/ras-grpc-gw/pkg/server/server.go:243.16,245.3 1 0
github.com/v8platform/ras-grpc-gw/pkg/server/server.go:246.2,248.45 2 0
github.com/v8platform/ras-grpc-gw/pkg/server/server.go:251.148,253.16 2 0
github.com/v8platform/ras-grpc-gw/pkg/server/server.go:253.16,255.3 1 0
github.com/v8platform/ras-grpc-gw/pkg/server/server.go:256.2,257.42 2 0
github.com/v8platform/ras-grpc-gw/pkg/server/server.go:260.157,262.16 2 0
github.com/v8platform/ras-grpc-gw/pkg/server/server.go:262.16,264.3 1 0
github.com/v8platform/ras-grpc-gw/pkg/server/server.go:265.2,266.45 2 0
github.com/v8platform/ras-grpc-gw/pkg/server/server.go:269.148,271.16 2 0
github.com/v8platform/ras-grpc-gw/pkg/server/server.go:271.16,273.3 1 0
github.com/v8platform/ras-grpc-gw/pkg/server/server.go:275.2,276.42 2 0
github.com/v8platform/ras-grpc-gw/pkg/server/server.go:279.166,281.16 2 0
github.com/v8platform/ras-grpc-gw/pkg/server/server.go:281.16,283.3 1 0
github.com/v8platform/ras-grpc-gw/pkg/server/server.go:284.2,285.48 2 0
github.com/v8platform/ras-grpc-gw/pkg/server/server.go:288.172,290.16 2 0
github.com/v8platform/ras-grpc-gw/pkg/server/server.go:290.16,292.3 1 0
github.com/v8platform/ras-grpc-gw/pkg/server/server.go:293.2,294.42 2 0
