mode: set
github.com/v8platform/ras-grpc-gw/pkg/tlsconfig/config.go:19.61,21.21 1 1
github.com/v8platform/ras-grpc-gw/pkg/tlsconfig/config.go:21.21,23.3 1 1
github.com/v8platform/ras-grpc-gw/pkg/tlsconfig/config.go:25.2,29.51 3 1
github.com/v8platform/ras-grpc-gw/pkg/tlsconfig/config.go:29.51,34.17 4 1
github.com/v8platform/ras-grpc-gw/pkg/tlsconfig/config.go:34.17,36.4 1 0
github.com/v8platform/ras-grpc-gw/pkg/tlsconfig/config.go:38.3,41.4 1 1
github.com/v8platform/ras-grpc-gw/pkg/tlsconfig/config.go:42.8,47.3 1 1
github.com/v8platform/ras-grpc-gw/pkg/tlsconfig/config.go:50.2,51.16 2 1
github.com/v8platform/ras-grpc-gw/pkg/tlsconfig/config.go:51.16,53.3 1 0
github.com/v8platform/ras-grpc-gw/pkg/tlsconfig/config.go:56.2,64.8 1 1
github.com/v8platform/ras-grpc-gw/pkg/tlsconfig/config.go:68.26,70.2 1 1
github.com/v8platform/ras-grpc-gw/pkg/tlsconfig/config.go:73.35,74.16 1 1
github.com/v8platform/ras-grpc-gw/pkg/tlsconfig/config.go:74.16,76.3 1 1
github.com/v8platform/ras-grpc-gw/pkg/tlsconfig/config.go:77.2,78.19 2 1
github.com/v8platform/ras-grpc-gw/pkg/tlsconfig/selfsigned.go:29.85,31.53 1 1
github.com/v8platform/ras-grpc-gw/pkg/tlsconfig/selfsigned.go:31.53,33.3 1 0
github.com/v8platform/ras-grpc-gw/pkg/tlsconfig/selfsigned.go:36.2,37.16 2 1
github.com/v8platform/ras-grpc-gw/pkg/tlsconfig/selfsigned.go:37.16,39.3 1 0
github.com/v8platform/ras-grpc-gw/pkg/tlsconfig/selfsigned.go:42.2,43.16 2 1
github.com/v8platform/ras-grpc-gw/pkg/tlsconfig/selfsigned.go:43.16,45.3 1 0
github.com/v8platform/ras-grpc-gw/pkg/tlsconfig/selfsigned.go:47.2,64.16 3 1
github.com/v8platform/ras-grpc-gw/pkg/tlsconfig/selfsigned.go:64.16,66.3 1 0
github.com/v8platform/ras-grpc-gw/pkg/tlsconfig/selfsigned.go:69.2,71.16 3 1
github.com/v8platform/ras-grpc-gw/pkg/tlsconfig/selfsigned.go:71.16,73.3 1 0
github.com/v8platform/ras-grpc-gw/pkg/tlsconfig/selfsigned.go:74.2,76.96 2 1
github.com/v8platform/ras-grpc-gw/pkg/tlsconfig/selfsigned.go:76.96,78.3 1 0
github.com/v8platform/ras-grpc-gw/pkg/tlsconfig/selfsigned.go:81.2,83.16 3 1
github.com/v8platform/ras-grpc-gw/pkg/tlsconfig/selfsigned.go:83.16,85.3 1 0
github.com/v8platform/ras-grpc-gw/pkg/tlsconfig/selfsigned.go:86.2,89.105 3 1
github.com/v8platform/ras-grpc-gw/pkg/tlsconfig/selfsigned.go:89.105,91.3 1 0
github.com/v8platform/ras-grpc-gw/pkg/tlsconfig/selfsigned.go:93.2,93.31 1 1
