mode: set
github.com/v8platform/ras-grpc-gw/pkg/server/access_service.go:17.65,18.23 1 0
github.com/v8platform/ras-grpc-gw/pkg/server/access_service.go:21.77,22.23 1 0
github.com/v8platform/ras-grpc-gw/pkg/server/access_service.go:25.37,27.2 1 1
github.com/v8platform/ras-grpc-gw/pkg/server/infobase_management_service.go:30.78,35.2 1 1
github.com/v8platform/ras-grpc-gw/pkg/server/infobase_management_service.go:40.78,41.40 1 1
github.com/v8platform/ras-grpc-gw/pkg/server/infobase_management_service.go:41.40,43.3 1 1
github.com/v8platform/ras-grpc-gw/pkg/server/infobase_management_service.go:44.2,44.12 1 1
github.com/v8platform/ras-grpc-gw/pkg/server/infobase_management_service.go:48.80,49.41 1 1
github.com/v8platform/ras-grpc-gw/pkg/server/infobase_management_service.go:49.41,51.3 1 1
github.com/v8platform/ras-grpc-gw/pkg/server/infobase_management_service.go:52.2,52.12 1 1
github.com/v8platform/ras-grpc-gw/pkg/server/infobase_management_service.go:57.68,58.35 1 1
github.com/v8platform/ras-grpc-gw/pkg/server/infobase_management_service.go:58.35,60.3 1 1
github.com/v8platform/ras-grpc-gw/pkg/server/infobase_management_service.go:63.2,64.14 2 1
github.com/v8platform/ras-grpc-gw/pkg/server/infobase_management_service.go:64.14,66.3 1 1
github.com/v8platform/ras-grpc-gw/pkg/server/infobase_management_service.go:69.2,69.20 1 1
github.com/v8platform/ras-grpc-gw/pkg/server/infobase_management_service.go:69.20,71.3 1 1
github.com/v8platform/ras-grpc-gw/pkg/server/infobase_management_service.go:73.2,73.12 1 1
github.com/v8platform/ras-grpc-gw/pkg/server/infobase_management_service.go:77.73,78.47 1 1
github.com/v8platform/ras-grpc-gw/pkg/server/infobase_management_service.go:78.47,80.3 1 1
github.com/v8platform/ras-grpc-gw/pkg/server/infobase_management_service.go:81.2,81.12 1 1
github.com/v8platform/ras-grpc-gw/pkg/server/infobase_management_service.go:86.106,87.40 1 1
github.com/v8platform/ras-grpc-gw/pkg/server/infobase_management_service.go:87.40,90.3 1 1
github.com/v8platform/ras-grpc-gw/pkg/server/infobase_management_service.go:92.2,92.40 1 1
github.com/v8platform/ras-grpc-gw/pkg/server/infobase_management_service.go:92.40,94.3 1 1
github.com/v8platform/ras-grpc-gw/pkg/server/infobase_management_service.go:96.2,101.23 4 1
github.com/v8platform/ras-grpc-gw/pkg/server/infobase_management_service.go:101.23,103.3 1 1
github.com/v8platform/ras-grpc-gw/pkg/server/infobase_management_service.go:106.2,106.21 1 1
github.com/v8platform/ras-grpc-gw/pkg/server/infobase_management_service.go:106.21,108.3 1 1
github.com/v8platform/ras-grpc-gw/pkg/server/infobase_management_service.go:111.2,112.28 2 1
github.com/v8platform/ras-grpc-gw/pkg/server/infobase_management_service.go:112.28,117.3 1 0
github.com/v8platform/ras-grpc-gw/pkg/server/infobase_management_service.go:119.2,119.12 1 1
github.com/v8platform/ras-grpc-gw/pkg/server/infobase_management_service.go:124.65,125.16 1 1
github.com/v8platform/ras-grpc-gw/pkg/server/infobase_management_service.go:125.16,127.3 1 1
github.com/v8platform/ras-grpc-gw/pkg/server/infobase_management_service.go:129.2,132.89 2 1
github.com/v8platform/ras-grpc-gw/pkg/server/infobase_management_service.go:132.89,134.3 1 1
github.com/v8platform/ras-grpc-gw/pkg/server/infobase_management_service.go:137.2,139.46 1 1
github.com/v8platform/ras-grpc-gw/pkg/server/infobase_management_service.go:139.46,141.3 1 1
github.com/v8platform/ras-grpc-gw/pkg/server/infobase_management_service.go:144.2,145.43 1 1
github.com/v8platform/ras-grpc-gw/pkg/server/infobase_management_service.go:145.43,147.3 1 1
github.com/v8platform/ras-grpc-gw/pkg/server/infobase_management_service.go:150.2,152.43 1 1
github.com/v8platform/ras-grpc-gw/pkg/server/infobase_management_service.go:152.43,154.3 1 1
github.com/v8platform/ras-grpc-gw/pkg/server/infobase_management_service.go:157.2,159.46 1 1
github.com/v8platform/ras-grpc-gw/pkg/server/infobase_management_service.go:159.46,161.3 1 1
github.com/v8platform/ras-grpc-gw/pkg/server/infobase_management_service.go:164.2,167.51 1 1
github.com/v8platform/ras-grpc-gw/pkg/server/infobase_management_service.go:167.51,169.3 1 1
github.com/v8platform/ras-grpc-gw/pkg/server/infobase_management_service.go:172.2,174.48 1 1
github.com/v8platform/ras-grpc-gw/pkg/server/infobase_management_service.go:174.48,176.3 1 1
github.com/v8platform/ras-grpc-gw/pkg/server/infobase_management_service.go:179.2,181.38 1 1
github.com/v8platform/ras-grpc-gw/pkg/server/infobase_management_service.go:181.38,183.3 1 1
github.com/v8platform/ras-grpc-gw/pkg/server/infobase_management_service.go:185.2,185.72 1 1
github.com/v8platform/ras-grpc-gw/pkg/server/infobase_management_service.go:189.47,190.20 1 1
github.com/v8platform/ras-grpc-gw/pkg/server/infobase_management_service.go:190.20,192.3 1 1
github.com/v8platform/ras-grpc-gw/pkg/server/infobase_management_service.go:193.2,193.21 1 1
github.com/v8platform/ras-grpc-gw/pkg/server/infobase_management_service.go:203.39,205.59 1 1
github.com/v8platform/ras-grpc-gw/pkg/server/infobase_management_service.go:205.59,207.3 1 0
github.com/v8platform/ras-grpc-gw/pkg/server/infobase_management_service.go:208.2,208.61 1 1
github.com/v8platform/ras-grpc-gw/pkg/server/infobase_management_service.go:208.61,210.3 1 0
github.com/v8platform/ras-grpc-gw/pkg/server/infobase_management_service.go:213.2,224.16 3 1
github.com/v8platform/ras-grpc-gw/pkg/server/infobase_management_service.go:224.16,231.3 2 0
github.com/v8platform/ras-grpc-gw/pkg/server/infobase_management_service.go:235.2,241.29 2 1
github.com/v8platform/ras-grpc-gw/pkg/server/infobase_management_service.go:241.29,243.3 1 1
github.com/v8platform/ras-grpc-gw/pkg/server/infobase_management_service.go:244.2,244.34 1 1
github.com/v8platform/ras-grpc-gw/pkg/server/infobase_management_service.go:244.34,246.3 1 0
github.com/v8platform/ras-grpc-gw/pkg/server/infobase_management_service.go:247.2,247.30 1 1
github.com/v8platform/ras-grpc-gw/pkg/server/infobase_management_service.go:247.30,249.3 1 0
github.com/v8platform/ras-grpc-gw/pkg/server/infobase_management_service.go:250.2,250.27 1 1
github.com/v8platform/ras-grpc-gw/pkg/server/infobase_management_service.go:250.27,252.3 1 0
github.com/v8platform/ras-grpc-gw/pkg/server/infobase_management_service.go:253.2,253.25 1 1
github.com/v8platform/ras-grpc-gw/pkg/server/infobase_management_service.go:253.25,255.3 1 0
github.com/v8platform/ras-grpc-gw/pkg/server/infobase_management_service.go:256.2,256.31 1 1
github.com/v8platform/ras-grpc-gw/pkg/server/infobase_management_service.go:256.31,258.3 1 0
github.com/v8platform/ras-grpc-gw/pkg/server/infobase_management_service.go:259.2,259.21 1 1
github.com/v8platform/ras-grpc-gw/pkg/server/infobase_management_service.go:259.21,261.3 1 0
github.com/v8platform/ras-grpc-gw/pkg/server/infobase_management_service.go:262.2,262.25 1 1
github.com/v8platform/ras-grpc-gw/pkg/server/infobase_management_service.go:262.25,264.3 1 0
github.com/v8platform/ras-grpc-gw/pkg/server/infobase_management_service.go:265.2,265.23 1 1
github.com/v8platform/ras-grpc-gw/pkg/server/infobase_management_service.go:265.23,267.3 1 0
github.com/v8platform/ras-grpc-gw/pkg/server/infobase_management_service.go:268.2,268.23 1 1
github.com/v8platform/ras-grpc-gw/pkg/server/infobase_management_service.go:268.23,270.3 1 0
github.com/v8platform/ras-grpc-gw/pkg/server/infobase_management_service.go:271.2,271.27 1 1
github.com/v8platform/ras-grpc-gw/pkg/server/infobase_management_service.go:271.27,273.3 1 0
github.com/v8platform/ras-grpc-gw/pkg/server/infobase_management_service.go:274.2,274.28 1 1
github.com/v8platform/ras-grpc-gw/pkg/server/infobase_management_service.go:274.28,276.3 1 0
github.com/v8platform/ras-grpc-gw/pkg/server/infobase_management_service.go:277.2,277.30 1 1
github.com/v8platform/ras-grpc-gw/pkg/server/infobase_management_service.go:277.30,279.3 1 0
github.com/v8platform/ras-grpc-gw/pkg/server/infobase_management_service.go:282.2,283.16 2 1
github.com/v8platform/ras-grpc-gw/pkg/server/infobase_management_service.go:283.16,285.3 1 0
github.com/v8platform/ras-grpc-gw/pkg/server/infobase_management_service.go:287.2,288.16 2 1
github.com/v8platform/ras-grpc-gw/pkg/server/infobase_management_service.go:288.16,290.3 1 0
github.com/v8platform/ras-grpc-gw/pkg/server/infobase_management_service.go:292.2,299.16 3 1
github.com/v8platform/ras-grpc-gw/pkg/server/infobase_management_service.go:299.16,306.3 2 0
github.com/v8platform/ras-grpc-gw/pkg/server/infobase_management_service.go:309.2,310.99 2 1
github.com/v8platform/ras-grpc-gw/pkg/server/infobase_management_service.go:310.99,312.3 1 0
github.com/v8platform/ras-grpc-gw/pkg/server/infobase_management_service.go:315.2,326.8 2 1
github.com/v8platform/ras-grpc-gw/pkg/server/infobase_management_service.go:333.39,335.59 1 1
github.com/v8platform/ras-grpc-gw/pkg/server/infobase_management_service.go:335.59,337.3 1 0
github.com/v8platform/ras-grpc-gw/pkg/server/infobase_management_service.go:338.2,338.49 1 1
github.com/v8platform/ras-grpc-gw/pkg/server/infobase_management_service.go:338.49,340.3 1 0
github.com/v8platform/ras-grpc-gw/pkg/server/infobase_management_service.go:341.2,341.49 1 1
github.com/v8platform/ras-grpc-gw/pkg/server/infobase_management_service.go:341.49,343.3 1 0
github.com/v8platform/ras-grpc-gw/pkg/server/infobase_management_service.go:347.2,347.51 1 1
github.com/v8platform/ras-grpc-gw/pkg/server/infobase_management_service.go:347.51,348.44 1 1
github.com/v8platform/ras-grpc-gw/pkg/server/infobase_management_service.go:348.44,350.4 1 0
github.com/v8platform/ras-grpc-gw/pkg/server/infobase_management_service.go:351.3,351.42 1 1
github.com/v8platform/ras-grpc-gw/pkg/server/infobase_management_service.go:351.42,353.4 1 0
github.com/v8platform/ras-grpc-gw/pkg/server/infobase_management_service.go:357.2,370.16 3 1
github.com/v8platform/ras-grpc-gw/pkg/server/infobase_management_service.go:370.16,376.3 2 1
github.com/v8platform/ras-grpc-gw/pkg/server/infobase_management_service.go:379.2,397.16 3 0
github.com/v8platform/ras-grpc-gw/pkg/server/infobase_management_service.go:397.16,403.3 2 0
github.com/v8platform/ras-grpc-gw/pkg/server/infobase_management_service.go:406.2,407.16 2 0
github.com/v8platform/ras-grpc-gw/pkg/server/infobase_management_service.go:407.16,409.3 1 0
github.com/v8platform/ras-grpc-gw/pkg/server/infobase_management_service.go:412.2,419.16 3 0
github.com/v8platform/ras-grpc-gw/pkg/server/infobase_management_service.go:419.16,426.3 2 0
github.com/v8platform/ras-grpc-gw/pkg/server/infobase_management_service.go:429.2,430.99 2 0
github.com/v8platform/ras-grpc-gw/pkg/server/infobase_management_service.go:430.99,436.3 2 0
github.com/v8platform/ras-grpc-gw/pkg/server/infobase_management_service.go:439.2,449.8 2 0
github.com/v8platform/ras-grpc-gw/pkg/server/infobase_management_service.go:457.37,459.59 1 0
github.com/v8platform/ras-grpc-gw/pkg/server/infobase_management_service.go:459.59,461.3 1 0
github.com/v8platform/ras-grpc-gw/pkg/server/infobase_management_service.go:462.2,462.61 1 0
github.com/v8platform/ras-grpc-gw/pkg/server/infobase_management_service.go:462.61,464.3 1 0
github.com/v8platform/ras-grpc-gw/pkg/server/infobase_management_service.go:467.2,467.55 1 0
github.com/v8platform/ras-grpc-gw/pkg/server/infobase_management_service.go:467.55,469.3 1 0
github.com/v8platform/ras-grpc-gw/pkg/server/infobase_management_service.go:472.2,483.16 3 0
github.com/v8platform/ras-grpc-gw/pkg/server/infobase_management_service.go:483.16,490.3 2 0
github.com/v8platform/ras-grpc-gw/pkg/server/infobase_management_service.go:495.2,504.16 3 0
github.com/v8platform/ras-grpc-gw/pkg/server/infobase_management_service.go:504.16,506.3 1 0
github.com/v8platform/ras-grpc-gw/pkg/server/infobase_management_service.go:509.2,510.16 2 0
github.com/v8platform/ras-grpc-gw/pkg/server/infobase_management_service.go:510.16,512.3 1 0
github.com/v8platform/ras-grpc-gw/pkg/server/infobase_management_service.go:514.2,523.20 3 0
github.com/v8platform/ras-grpc-gw/pkg/server/infobase_management_service.go:523.20,533.3 2 0
github.com/v8platform/ras-grpc-gw/pkg/server/infobase_management_service.go:536.2,549.8 2 0
github.com/v8platform/ras-grpc-gw/pkg/server/infobase_management_service.go:560.37,562.59 1 0
github.com/v8platform/ras-grpc-gw/pkg/server/infobase_management_service.go:562.59,564.3 1 0
github.com/v8platform/ras-grpc-gw/pkg/server/infobase_management_service.go:565.2,565.61 1 0
github.com/v8platform/ras-grpc-gw/pkg/server/infobase_management_service.go:565.61,567.3 1 0
github.com/v8platform/ras-grpc-gw/pkg/server/infobase_management_service.go:570.2,570.77 1 0
github.com/v8platform/ras-grpc-gw/pkg/server/infobase_management_service.go:570.77,572.3 1 0
github.com/v8platform/ras-grpc-gw/pkg/server/infobase_management_service.go:574.2,591.22 3 0
github.com/v8platform/ras-grpc-gw/pkg/server/infobase_management_service.go:591.22,598.32 5 0
github.com/v8platform/ras-grpc-gw/pkg/server/infobase_management_service.go:598.32,600.4 1 0
github.com/v8platform/ras-grpc-gw/pkg/server/infobase_management_service.go:603.2,603.27 1 0
github.com/v8platform/ras-grpc-gw/pkg/server/infobase_management_service.go:603.27,605.3 1 0
github.com/v8platform/ras-grpc-gw/pkg/server/infobase_management_service.go:608.2,609.16 2 0
github.com/v8platform/ras-grpc-gw/pkg/server/infobase_management_service.go:609.16,611.3 1 0
github.com/v8platform/ras-grpc-gw/pkg/server/infobase_management_service.go:614.2,618.8 1 0
github.com/v8platform/ras-grpc-gw/pkg/server/infobase_management_service.go:626.39,628.59 1 0
github.com/v8platform/ras-grpc-gw/pkg/server/infobase_management_service.go:628.59,630.3 1 0
github.com/v8platform/ras-grpc-gw/pkg/server/infobase_management_service.go:631.2,631.61 1 0
github.com/v8platform/ras-grpc-gw/pkg/server/infobase_management_service.go:631.61,633.3 1 0
github.com/v8platform/ras-grpc-gw/pkg/server/infobase_management_service.go:635.2,651.24 3 0
github.com/v8platform/ras-grpc-gw/pkg/server/infobase_management_service.go:651.24,657.3 4 0
github.com/v8platform/ras-grpc-gw/pkg/server/infobase_management_service.go:659.2,659.29 1 0
github.com/v8platform/ras-grpc-gw/pkg/server/infobase_management_service.go:659.29,662.3 2 0
github.com/v8platform/ras-grpc-gw/pkg/server/infobase_management_service.go:665.2,666.16 2 0
github.com/v8platform/ras-grpc-gw/pkg/server/infobase_management_service.go:666.16,668.3 1 0
github.com/v8platform/ras-grpc-gw/pkg/server/infobase_management_service.go:671.2,675.8 1 0
github.com/v8platform/ras-grpc-gw/pkg/server/infobase_management_service.go:681.51,682.14 1 1
github.com/v8platform/ras-grpc-gw/pkg/server/infobase_management_service.go:683.42,684.23 1 1
github.com/v8platform/ras-grpc-gw/pkg/server/infobase_management_service.go:685.40,686.22 1 1
github.com/v8platform/ras-grpc-gw/pkg/server/infobase_management_service.go:687.37,688.18 1 1
github.com/v8platform/ras-grpc-gw/pkg/server/infobase_management_service.go:689.36,690.26 1 1
github.com/v8platform/ras-grpc-gw/pkg/server/infobase_management_service.go:691.10,692.12 1 1
github.com/v8platform/ras-grpc-gw/pkg/server/infobase_management_service.go:697.58,698.15 1 1
github.com/v8platform/ras-grpc-gw/pkg/server/infobase_management_service.go:699.41,700.11 1 1
github.com/v8platform/ras-grpc-gw/pkg/server/infobase_management_service.go:701.41,702.11 1 1
github.com/v8platform/ras-grpc-gw/pkg/server/infobase_management_service.go:703.41,704.11 1 1
github.com/v8platform/ras-grpc-gw/pkg/server/infobase_management_service.go:705.41,706.11 1 1
github.com/v8platform/ras-grpc-gw/pkg/server/infobase_management_service.go:707.10,708.11 1 1
github.com/v8platform/ras-grpc-gw/pkg/server/infobase_management_service.go:714.52,715.11 1 1
github.com/v8platform/ras-grpc-gw/pkg/server/infobase_management_service.go:715.11,717.3 1 1
github.com/v8platform/ras-grpc-gw/pkg/server/infobase_management_service.go:718.2,718.10 1 1
github.com/v8platform/ras-grpc-gw/pkg/server/ras_client.go:25.45,29.2 1 1
github.com/v8platform/ras-grpc-gw/pkg/server/ras_client.go:32.100,34.2 1 0
github.com/v8platform/ras-grpc-gw/pkg/server/ras_client_mock.go:15.96,16.30 1 1
github.com/v8platform/ras-grpc-gw/pkg/server/ras_client_mock.go:16.30,18.3 1 1
github.com/v8platform/ras-grpc-gw/pkg/server/ras_client_mock.go:19.2,19.17 1 0
github.com/v8platform/ras-grpc-gw/pkg/server/ras_client_mock.go:27.104,28.26 1 1
github.com/v8platform/ras-grpc-gw/pkg/server/ras_client_mock.go:28.26,30.3 1 1
github.com/v8platform/ras-grpc-gw/pkg/server/ras_client_mock.go:31.2,31.17 1 0
github.com/v8platform/ras-grpc-gw/pkg/server/server.go:29.46,33.2 1 1
github.com/v8platform/ras-grpc-gw/pkg/server/server.go:55.46,58.16 2 0
github.com/v8platform/ras-grpc-gw/pkg/server/server.go:58.16,60.3 1 0
github.com/v8platform/ras-grpc-gw/pkg/server/server.go:62.2,66.16 3 0
github.com/v8platform/ras-grpc-gw/pkg/server/server.go:66.16,68.3 1 0
github.com/v8platform/ras-grpc-gw/pkg/server/server.go:71.2,80.22 3 0
github.com/v8platform/ras-grpc-gw/pkg/server/server.go:80.22,84.3 3 0
github.com/v8platform/ras-grpc-gw/pkg/server/server.go:84.8,86.3 1 0
github.com/v8platform/ras-grpc-gw/pkg/server/server.go:89.2,107.53 13 0
github.com/v8platform/ras-grpc-gw/pkg/server/server.go:107.53,109.3 1 0
github.com/v8platform/ras-grpc-gw/pkg/server/server.go:111.2,111.12 1 0
github.com/v8platform/ras-grpc-gw/pkg/server/server.go:115.61,116.25 1 1
github.com/v8platform/ras-grpc-gw/pkg/server/server.go:116.25,120.13 2 1
github.com/v8platform/ras-grpc-gw/pkg/server/server.go:120.13,123.4 2 1
github.com/v8platform/ras-grpc-gw/pkg/server/server.go:126.3,126.10 1 1
github.com/v8platform/ras-grpc-gw/pkg/server/server.go:127.18,129.14 2 0
github.com/v8platform/ras-grpc-gw/pkg/server/server.go:130.21,134.20 3 1
github.com/v8platform/ras-grpc-gw/pkg/server/server.go:137.2,137.12 1 1
github.com/v8platform/ras-grpc-gw/pkg/server/server.go:141.54,149.9 1 1
github.com/v8platform/ras-grpc-gw/pkg/server/server.go:150.20,151.19 1 1
github.com/v8platform/ras-grpc-gw/pkg/server/server.go:152.10,154.22 1 1
github.com/v8platform/ras-grpc-gw/pkg/server/server.go:154.22,156.4 1 1
github.com/v8platform/ras-grpc-gw/pkg/server/server.go:157.3,157.13 1 1
github.com/v8platform/ras-grpc-gw/pkg/server/server.go:161.77,165.2 1 1
github.com/v8platform/ras-grpc-gw/pkg/server/server.go:172.147,177.78 3 0
github.com/v8platform/ras-grpc-gw/pkg/server/server.go:177.78,180.17 3 0
github.com/v8platform/ras-grpc-gw/pkg/server/server.go:180.17,182.4 1 0
github.com/v8platform/ras-grpc-gw/pkg/server/server.go:183.3,183.13 1 0
github.com/v8platform/ras-grpc-gw/pkg/server/server.go:187.2,187.18 1 0
github.com/v8platform/ras-grpc-gw/pkg/server/server.go:190.125,194.16 3 0
github.com/v8platform/ras-grpc-gw/pkg/server/server.go:194.16,196.3 1 0
github.com/v8platform/ras-grpc-gw/pkg/server/server.go:198.2,198.15 1 0
github.com/v8platform/ras-grpc-gw/pkg/server/server.go:198.15,199.17 1 0
github.com/v8platform/ras-grpc-gw/pkg/server/server.go:199.17,204.66 2 0
github.com/v8platform/ras-grpc-gw/pkg/server/server.go:204.66,207.5 2 0
github.com/v8platform/ras-grpc-gw/pkg/server/server.go:207.10,209.5 1 0
github.com/v8platform/ras-grpc-gw/pkg/server/server.go:211.4,211.24 1 0
github.com/v8platform/ras-grpc-gw/pkg/server/server.go:211.24,216.5 2 0
github.com/v8platform/ras-grpc-gw/pkg/server/server.go:220.2,220.21 1 0
github.com/v8platform/ras-grpc-gw/pkg/server/server.go:223.149,228.78 3 0
github.com/v8platform/ras-grpc-gw/pkg/server/server.go:228.78,231.17 3 0
github.com/v8platform/ras-grpc-gw/pkg/server/server.go:231.17,233.4 1 0
github.com/v8platform/ras-grpc-gw/pkg/server/server.go:234.3,234.13 1 0
github.com/v8platform/ras-grpc-gw/pkg/server/server.go:238.2,238.18 1 0
github.com/v8platform/ras-grpc-gw/pkg/server/server.go:241.143,243.16 2 0
github.com/v8platform/ras-grpc-gw/pkg/server/server.go:243.16,245.3 1 0
github.com/v8platform/ras-grpc-gw/pkg/server/server.go:246.2,248.45 2 0
github.com/v8platform/ras-grpc-gw/pkg/server/server.go:251.148,253.16 2 0
github.com/v8platform/ras-grpc-gw/pkg/server/server.go:253.16,255.3 1 0
github.com/v8platform/ras-grpc-gw/pkg/server/server.go:256.2,257.42 2 0
github.com/v8platform/ras-grpc-gw/pkg/server/server.go:260.157,262.16 2 0
github.com/v8platform/ras-grpc-gw/pkg/server/server.go:262.16,264.3 1 0
github.com/v8platform/ras-grpc-gw/pkg/server/server.go:265.2,266.45 2 0
github.com/v8platform/ras-grpc-gw/pkg/server/server.go:269.148,271.16 2 0
github.com/v8platform/ras-grpc-gw/pkg/server/server.go:271.16,273.3 1 0
github.com/v8platform/ras-grpc-gw/pkg/server/server.go:275.2,276.42 2 0
github.com/v8platform/ras-grpc-gw/pkg/server/server.go:279.166,281.16 2 0
github.com/v8platform/ras-grpc-gw/pkg/server/server.go:281.16,283.3 1 0
github.com/v8platform/ras-grpc-gw/pkg/server/server.go:284.2,285.48 2 0
github.com/v8platform/ras-grpc-gw/pkg/server/server.go:288.172,290.16 2 0
github.com/v8platform/ras-grpc-gw/pkg/server/server.go:290.16,292.3 1 0
github.com/v8platform/ras-grpc-gw/pkg/server/server.go:293.2,294.42 2 0
